Andriod_App/app/build/intermediates/proguard-rules/release/aapt_rules.txt
# view AndroidManifest.xml #generated:19
-keep class com.ftdi.j2xx.hyperterm.J2xxHyperTerm { <init>(...); }