Andriod_App/app/build/outputs/mapping/release/seeds.txt
com.ftdi.j2xx.hyperterm.J2xxHyperTerm
com.ftdi.j2xx.hyperterm.J2xxHyperTerm: J2xxHyperTerm()
com.ftdi.j2xx.hyperterm.R$array: int baud_rate_1
com.ftdi.j2xx.hyperterm.R$array: int baud_rate_2
com.ftdi.j2xx.hyperterm.R$array: int data_bits
com.ftdi.j2xx.hyperterm.R$array: int flow_control
com.ftdi.j2xx.hyperterm.R$array: int parity
com.ftdi.j2xx.hyperterm.R$array: int port_list_1
com.ftdi.j2xx.hyperterm.R$array: int port_list_2
com.ftdi.j2xx.hyperterm.R$array: int port_list_3
com.ftdi.j2xx.hyperterm.R$array: int port_list_4
com.ftdi.j2xx.hyperterm.R$array: int port_list_5
com.ftdi.j2xx.hyperterm.R$array: int port_list_6
com.ftdi.j2xx.hyperterm.R$array: int port_list_7
com.ftdi.j2xx.hyperterm.R$array: int port_list_8
com.ftdi.j2xx.hyperterm.R$array: int stop_bits
com.ftdi.j2xx.hyperterm.R$drawable: int bluedot
com.ftdi.j2xx.hyperterm.R$drawable: int button_pattern
com.ftdi.j2xx.hyperterm.R$drawable: int button_pattern_2
com.ftdi.j2xx.hyperterm.R$drawable: int greendot
com.ftdi.j2xx.hyperterm.R$drawable: int icon
com.ftdi.j2xx.hyperterm.R$drawable: int map
com.ftdi.j2xx.hyperterm.R$drawable: int map_without_points
com.ftdi.j2xx.hyperterm.R$drawable: int reddot
com.ftdi.j2xx.hyperterm.R$id: int Button_pdr
com.ftdi.j2xx.hyperterm.R$id: int Button_pdr_corrected
com.ftdi.j2xx.hyperterm.R$id: int Button_zigbee
com.ftdi.j2xx.hyperterm.R$id: int N1
com.ftdi.j2xx.hyperterm.R$id: int N10
com.ftdi.j2xx.hyperterm.R$id: int N11
com.ftdi.j2xx.hyperterm.R$id: int N12
com.ftdi.j2xx.hyperterm.R$id: int N2
com.ftdi.j2xx.hyperterm.R$id: int N3
com.ftdi.j2xx.hyperterm.R$id: int N4
com.ftdi.j2xx.hyperterm.R$id: int N5
com.ftdi.j2xx.hyperterm.R$id: int N6
com.ftdi.j2xx.hyperterm.R$id: int N7
com.ftdi.j2xx.hyperterm.R$id: int N8
com.ftdi.j2xx.hyperterm.R$id: int N9
com.ftdi.j2xx.hyperterm.R$id: int RMS_text
com.ftdi.j2xx.hyperterm.R$id: int ReadField
com.ftdi.j2xx.hyperterm.R$id: int ReadValues
com.ftdi.j2xx.hyperterm.R$id: int approx_azimuth_text
com.ftdi.j2xx.hyperterm.R$id: int averageX_text
com.ftdi.j2xx.hyperterm.R$id: int averageY_text
com.ftdi.j2xx.hyperterm.R$id: int averageZ_text
com.ftdi.j2xx.hyperterm.R$id: int compass
com.ftdi.j2xx.hyperterm.R$id: int count_step_text
com.ftdi.j2xx.hyperterm.R$id: int createFileName
com.ftdi.j2xx.hyperterm.R$id: int delay_text
com.ftdi.j2xx.hyperterm.R$id: int filenamedialog
com.ftdi.j2xx.hyperterm.R$id: int gyro_text
com.ftdi.j2xx.hyperterm.R$id: int pdrX
com.ftdi.j2xx.hyperterm.R$id: int pdrY
com.ftdi.j2xx.hyperterm.R$id: int pdr_correctedX
com.ftdi.j2xx.hyperterm.R$id: int pdr_correctedY
com.ftdi.j2xx.hyperterm.R$id: int reset
com.ftdi.j2xx.hyperterm.R$id: int step_detect
com.ftdi.j2xx.hyperterm.R$layout: int file_name_dialog
com.ftdi.j2xx.hyperterm.R$layout: int main
com.ftdi.j2xx.hyperterm.R$layout: int my_spinner_textview
com.ftdi.j2xx.hyperterm.R$string: int app_name
com.ftdi.j2xx.hyperterm.R$string: int baudRate
com.ftdi.j2xx.hyperterm.R$xml: int device_filter
...
android.support.v4.app.BackStackState
android.support.v4.app.BackStackState: android.os.Parcelable$Creator CREATOR
android.support.v4.app.Fragment$SavedState
android.support.v4.app.Fragment$SavedState: android.os.Parcelable$Creator CREATOR
android.support.v4.app.FragmentManagerState
android.support.v4.app.FragmentManagerState: android.os.Parcelable$Creator CREATOR
android.support.v4.app.FragmentState
android.support.v4.app.FragmentState: android.os.Parcelable$Creator CREATOR
android.support.v4.app.FragmentTabHost: void setOnTabChangedListener(android.widget.TabHost$OnTabChangeListener)
android.support.v4.app.FragmentTabHost$SavedState
android.support.v4.app.FragmentTabHost$SavedState: android.os.Parcelable$Creator CREATOR
android.support.v4.content.ModernAsyncTask$Status: android.support.v4.content.ModernAsyncTask$Status[] values()
android.support.v4.content.ModernAsyncTask$Status: android.support.v4.content.ModernAsyncTask$Status valueOf(java.lang.String)
android.support.v4.view.PagerTabStrip: void setTabIndicatorColor(int)
android.support.v4.view.PagerTabStrip: void setTabIndicatorColorResource(int)
android.support.v4.view.PagerTabStrip: int getTabIndicatorColor()
android.support.v4.view.PagerTabStrip: void setTextSpacing(int)
android.support.v4.view.PagerTabStrip: void setBackgroundDrawable(android.graphics.drawable.Drawable)
android.support.v4.view.PagerTabStrip: void setBackgroundColor(int)
android.support.v4.view.PagerTabStrip: void setBackgroundResource(int)
android.support.v4.view.PagerTabStrip: void setDrawFullUnderline(boolean)
android.support.v4.view.PagerTabStrip: boolean getDrawFullUnderline()
android.support.v4.view.PagerTabStrip: int getMinHeight()
android.support.v4.view.PagerTitleStrip: void setSingleLineAllCaps(android.widget.TextView)
android.support.v4.view.PagerTitleStrip: void setTextSpacing(int)
android.support.v4.view.PagerTitleStrip: int getTextSpacing()
android.support.v4.view.PagerTitleStrip: void setNonPrimaryAlpha(float)
android.support.v4.view.PagerTitleStrip: void setTextColor(int)
android.support.v4.view.PagerTitleStrip: void setGravity(int)
android.support.v4.view.PagerTitleStrip: int getMinHeight()
android.support.v4.view.ViewPager: void setScrollState(int)
android.support.v4.view.ViewPager: void setAdapter(android.support.v4.view.PagerAdapter)
android.support.v4.view.ViewPager: android.support.v4.view.PagerAdapter getAdapter()
android.support.v4.view.ViewPager: void setOnAdapterChangeListener(android.support.v4.view.ViewPager$OnAdapterChangeListener)
android.support.v4.view.ViewPager: int getClientWidth()
android.support.v4.view.ViewPager: void setCurrentItem(int)
android.support.v4.view.ViewPager: int getCurrentItem()
android.support.v4.view.ViewPager: void setOnPageChangeListener(android.support.v4.view.ViewPager$OnPageChangeListener)
android.support.v4.view.ViewPager: void setChildrenDrawingOrderEnabledCompat(boolean)
android.support.v4.view.ViewPager: int getOffscreenPageLimit()
android.support.v4.view.ViewPager: void setOffscreenPageLimit(int)
android.support.v4.view.ViewPager: void setPageMargin(int)
android.support.v4.view.ViewPager: int getPageMargin()
android.support.v4.view.ViewPager: void setPageMarginDrawable(android.graphics.drawable.Drawable)
android.support.v4.view.ViewPager: void setPageMarginDrawable(int)
android.support.v4.view.ViewPager: void setScrollingCacheEnabled(boolean)
android.support.v4.view.ViewPager$SavedState
android.support.v4.view.ViewPager$SavedState: android.os.Parcelable$Creator CREATOR
android.support.v4.widget.DrawerLayout: void setScrimColor(int)
android.support.v4.widget.DrawerLayout: void setDrawerListener(android.support.v4.widget.DrawerLayout$DrawerListener)
android.support.v4.widget.DrawerLayout: void setDrawerLockMode(int)
android.support.v4.widget.DrawerLayout$SavedState
android.support.v4.widget.DrawerLayout$SavedState: android.os.Parcelable$Creator CREATOR