Andriod_App/app/build/outputs/mapping/release/mapping.txt
com.ftdi.j2xx.hyperterm.DLog -> com.ftdi.j2xx.hyperterm.a:
    void e(java.lang.String,java.lang.String) -> a
com.ftdi.j2xx.hyperterm.J2xxHyperTerm -> com.ftdi.j2xx.hyperterm.J2xxHyperTerm:
    android.widget.Button reset -> a
    java.lang.String N1 -> bx
    java.lang.String N2 -> by
    java.lang.String N3 -> bz
    java.lang.String N4 -> bA
    java.lang.String N5 -> bB
    java.lang.String N6 -> bC
    java.lang.String N7 -> bD
    java.lang.String N8 -> bE
    java.lang.String N9 -> bF
    java.lang.String N10 -> bG
    java.lang.String N11 -> bH
    android.widget.TextView N1_textView -> bI
    android.widget.TextView N2_textView -> bJ
    android.widget.TextView N3_textView -> bK
    android.widget.TextView N4_textView -> bL
    android.widget.TextView N5_textView -> bM
    android.widget.TextView N6_textView -> bN
    android.widget.TextView N7_textView -> bO
    android.widget.TextView N8_textView -> bP
    android.widget.TextView N9_textView -> bQ
    android.widget.TextView N10_textView -> bR
    android.widget.TextView N11_textView -> bS
    android.widget.TextView N12_textView -> bT
    android.widget.TextView test1 -> bU
    android.widget.TextView test2 -> bV
    android.widget.TextView test3 -> bW
    android.widget.TextView test4 -> bX
    android.widget.TextView test5 -> bY
    android.widget.TextView test6 -> bZ
    android.widget.TextView test7 -> ca
    android.widget.TextView test8 -> cb
    android.widget.TextView test9 -> cc
    android.widget.TextView test10 -> cd
    int sensor_countX -> ce
    int sensor_countY -> cf
    int sensor_countZ -> cg
com.ftdi.j2xx.hyperterm.J2xxHyperTerm$1 -> com.ftdi.j2xx.hyperterm.b:
    com.ftdi.j2xx.hyperterm.J2xxHyperTerm this$0 -> a
    void onClick(android.view.View) -> onClick
com.ftdi.j2xx.hyperterm.J2xxHyperTerm$2 -> com.ftdi.j2xx.hyperterm.c:
    com.ftdi.j2xx.hyperterm.J2xxHyperTerm this$0 -> a
com.ftdi.j2xx.hyperterm.J2xxHyperTerm$3 -> com.ftdi.j2xx.hyperterm.d:
    com.ftdi.j2xx.hyperterm.J2xxHyperTerm this$0 -> a
    void handleMessage(android.os.Message) -> handleMessage
com.ftdi.j2xx.hyperterm.J2xxHyperTerm$HandlerThread -> com.ftdi.j2xx.hyperterm.e:
    android.os.Handler mHandler -> a
    com.ftdi.j2xx.hyperterm.J2xxHyperTerm this$0 -> b
    void run() -> run
com.ftdi.j2xx.hyperterm.J2xxHyperTerm$ReadThread -> com.ftdi.j2xx.hyperterm.f:
    int USB_DATA_BUFFER -> a
    android.os.Handler mHandler -> b
    com.ftdi.j2xx.hyperterm.J2xxHyperTerm this$0 -> c
    void run() -> run
com.ftdi.j2xx.hyperterm.J2xxHyperTerm$ResetBackButtonThread -> com.ftdi.j2xx.hyperterm.g:
    com.ftdi.j2xx.hyperterm.J2xxHyperTerm this$0 -> a
    void run() -> run
com.ftdi.j2xx.hyperterm.ListenerList -> com.ftdi.j2xx.hyperterm.h:
    java.util.List listenerList -> a
    void add(java.lang.Object) -> a
com.ftdi.j2xx.hyperterm.SelectFileDialog -> com.ftdi.j2xx.hyperterm.i:
    android.os.Handler j2xxhyper_handler -> a
    java.lang.String TAG -> b
    java.lang.String[] fileList -> c
    java.io.File currentPath -> d
    com.ftdi.j2xx.hyperterm.ListenerList fileListenerList -> e
    com.ftdi.j2xx.hyperterm.ListenerList dirListenerList -> f
    android.app.Activity activity -> g
    boolean selectDirectoryOption -> h
    java.lang.String fileEndsWith -> i
    void addFileListener(com.ftdi.j2xx.hyperterm.SelectFileDialog$FileSelectedListener) -> a
    void loadFileList(java.io.File) -> a
    boolean access$600(com.ftdi.j2xx.hyperterm.SelectFileDialog) -> a
    java.lang.String access$800(com.ftdi.j2xx.hyperterm.SelectFileDialog) -> b
com.ftdi.j2xx.hyperterm.SelectFileDialog$5 -> com.ftdi.j2xx.hyperterm.j:
    com.ftdi.j2xx.hyperterm.SelectFileDialog this$0 -> a
    boolean accept(java.io.File,java.lang.String) -> accept
com.ftdi.j2xx.hyperterm.SelectFileDialog$FileSelectedListener -> com.ftdi.j2xx.hyperterm.k:
...
android.support.v4.view.GravityCompat$GravityCompatImplJellybeanMr1 -> android.support.v4.view.d:
    int getAbsoluteGravity(int,int) -> a
android.support.v4.view.GravityCompatJellybeanMr1 -> android.support.v4.view.e:
    int getAbsoluteGravity(int,int) -> a
android.support.v4.view.KeyEventCompat -> android.support.v4.view.f:
    android.support.v4.view.KeyEventCompat$KeyEventVersionImpl IMPL -> a
    boolean hasModifiers(android.view.KeyEvent,int) -> a
    boolean hasNoModifiers(android.view.KeyEvent) -> a
    void startTracking(android.view.KeyEvent) -> b
android.support.v4.view.KeyEventCompat$BaseKeyEventVersionImpl -> android.support.v4.view.g:
    int metaStateFilterDirectionalModifiers(int,int,int,int,int) -> a
    int normalizeMetaState(int) -> a
    boolean metaStateHasModifiers(int,int) -> a
    boolean metaStateHasNoModifiers(int) -> b
    void startTracking(android.view.KeyEvent) -> a
android.support.v4.view.KeyEventCompat$EclairKeyEventVersionImpl -> android.support.v4.view.h:
    void startTracking(android.view.KeyEvent) -> a
android.support.v4.view.KeyEventCompat$HoneycombKeyEventVersionImpl -> android.support.v4.view.i:
    int normalizeMetaState(int) -> a
    boolean metaStateHasModifiers(int,int) -> a
    boolean metaStateHasNoModifiers(int) -> b
android.support.v4.view.KeyEventCompat$KeyEventVersionImpl -> android.support.v4.view.j:
    boolean metaStateHasModifiers(int,int) -> a
    boolean metaStateHasNoModifiers(int) -> b
    void startTracking(android.view.KeyEvent) -> a
android.support.v4.view.KeyEventCompatEclair -> android.support.v4.view.k:
    void startTracking(android.view.KeyEvent) -> a
android.support.v4.view.KeyEventCompatHoneycomb -> android.support.v4.view.l:
    int normalizeMetaState(int) -> a
    boolean metaStateHasModifiers(int,int) -> a
    boolean metaStateHasNoModifiers(int) -> b
android.support.v4.view.MotionEventCompat -> android.support.v4.view.m:
    android.support.v4.view.MotionEventCompat$MotionEventVersionImpl IMPL -> a
    int getActionMasked(android.view.MotionEvent) -> a
    int getActionIndex(android.view.MotionEvent) -> b
    int findPointerIndex(android.view.MotionEvent,int) -> a
    int getPointerId(android.view.MotionEvent,int) -> b
    float getX(android.view.MotionEvent,int) -> c
    float getY(android.view.MotionEvent,int) -> d
    int getPointerCount(android.view.MotionEvent) -> c
android.support.v4.view.MotionEventCompat$BaseMotionEventVersionImpl -> android.support.v4.view.n:
    int findPointerIndex(android.view.MotionEvent,int) -> a
    int getPointerId(android.view.MotionEvent,int) -> b
    float getX(android.view.MotionEvent,int) -> c
    float getY(android.view.MotionEvent,int) -> d
    int getPointerCount(android.view.MotionEvent) -> a
android.support.v4.view.MotionEventCompat$EclairMotionEventVersionImpl -> android.support.v4.view.o:
    int findPointerIndex(android.view.MotionEvent,int) -> a
    int getPointerId(android.view.MotionEvent,int) -> b
    float getX(android.view.MotionEvent,int) -> c
    float getY(android.view.MotionEvent,int) -> d
    int getPointerCount(android.view.MotionEvent) -> a
android.support.v4.view.MotionEventCompat$MotionEventVersionImpl -> android.support.v4.view.p:
    int findPointerIndex(android.view.MotionEvent,int) -> a
    int getPointerId(android.view.MotionEvent,int) -> b
    float getX(android.view.MotionEvent,int) -> c
    float getY(android.view.MotionEvent,int) -> d
    int getPointerCount(android.view.MotionEvent) -> a
android.support.v4.view.MotionEventCompatEclair -> android.support.v4.view.q:
    int findPointerIndex(android.view.MotionEvent,int) -> a
    int getPointerId(android.view.MotionEvent,int) -> b
    float getX(android.view.MotionEvent,int) -> c
    float getY(android.view.MotionEvent,int) -> d
    int getPointerCount(android.view.MotionEvent) -> a