Andriod_App/app/build/outputs/mapping/release/usage.txt
com.ftdi.j2xx.hyperterm.BuildConfig
com.ftdi.j2xx.hyperterm.DLog:
    static final boolean LOG
    4:4:public DLog()
    9:9:public static void i(java.lang.String,java.lang.String)
    15:15:public static void d(java.lang.String,java.lang.String)
    18:18:public static void v(java.lang.String,java.lang.String)
    21:21:public static void w(java.lang.String,java.lang.String)
com.ftdi.j2xx.hyperterm.J2xxHyperTerm:
    private java.lang.String N12
    private int R1
    private int R2
    private int R3
com.ftdi.j2xx.hyperterm.J2xxHyperTerm$2:
    1225:1227:public void fileSelected(java.io.File)
com.ftdi.j2xx.hyperterm.ListenerList:
    208:212:public void fireEvent(com.ftdi.j2xx.hyperterm.ListenerList$FireHandler)
    215:216:public void remove(java.lang.Object)
    219:219:public java.util.List getListenerList()
com.ftdi.j2xx.hyperterm.ListenerList$FireHandler
com.ftdi.j2xx.hyperterm.R
com.ftdi.j2xx.hyperterm.R$array
com.ftdi.j2xx.hyperterm.R$attr
com.ftdi.j2xx.hyperterm.R$drawable
com.ftdi.j2xx.hyperterm.R$id
com.ftdi.j2xx.hyperterm.R$layout
com.ftdi.j2xx.hyperterm.R$string
com.ftdi.j2xx.hyperterm.R$xml
com.ftdi.j2xx.hyperterm.SelectFileDialog:
    static final int MSG_SELECT_FOLDER_NOT_FILE
    private int iActionCode
    private static final java.lang.String PARENT_DIR
    private java.io.File chosenFolder
    50:95:public android.app.Dialog createFileDialog()
    104:105:public void removeFileListener(com.ftdi.j2xx.hyperterm.SelectFileDialog$FileSelectedListener)
    108:109:public void setSelectDirectoryOption(boolean)
    112:113:public void addDirectoryListener(com.ftdi.j2xx.hyperterm.SelectFileDialog$DirectorySelectedListener)
    116:117:public void removeDirectoryListener(com.ftdi.j2xx.hyperterm.SelectFileDialog$DirectorySelectedListener)
    120:121:public void showDialog()
    124:133:private void fireFileSelectedEvent(java.io.File)
    136:150:private void fireDirectorySelectedEvent(java.io.File)
    177:178:public java.io.File getChosenFile(java.lang.String)
    182:183:public void setFileEndsWith(java.lang.String)
    187:188:public void setActionCode(int)
    191:191:public java.io.File getChosenFolder()
    18:18:static synthetic java.io.File access$000(com.ftdi.j2xx.hyperterm.SelectFileDialog)
    18:18:static synthetic void access$100(com.ftdi.j2xx.hyperterm.SelectFileDialog,java.io.File)
    18:18:static synthetic java.io.File access$202(com.ftdi.j2xx.hyperterm.SelectFileDialog,java.io.File)
    18:18:static synthetic int access$300(com.ftdi.j2xx.hyperterm.SelectFileDialog)
com.ftdi.j2xx.hyperterm.SelectFileDialog$1
com.ftdi.j2xx.hyperterm.SelectFileDialog$2
com.ftdi.j2xx.hyperterm.SelectFileDialog$3
com.ftdi.j2xx.hyperterm.SelectFileDialog$4
com.ftdi.j2xx.hyperterm.SelectFileDialog$DirectorySelectedListener
com.ftdi.j2xx.hyperterm.SelectFileDialog$FileSelectedListener:
    public abstract void fileSelected(java.io.File)
...
android.support.v4.app.ListFragment
android.support.v4.app.ListFragment$1
android.support.v4.app.ListFragment$2
android.support.v4.app.LoaderManager:
    public abstract android.support.v4.content.Loader initLoader(int,android.os.Bundle,android.support.v4.app.LoaderManager$LoaderCallbacks)
    public abstract android.support.v4.content.Loader restartLoader(int,android.os.Bundle,android.support.v4.app.LoaderManager$LoaderCallbacks)
    public abstract void destroyLoader(int)
    public abstract android.support.v4.content.Loader getLoader(int)
    public abstract void dump(java.lang.String,java.io.FileDescriptor,java.io.PrintWriter,java.lang.String[])
    177:178:public static void enableDebugLogging(boolean)
android.support.v4.app.LoaderManagerImpl:
    static final java.lang.String TAG
    boolean mRetainingStarted
    boolean mCreatingLoader
    489:492:private android.support.v4.app.LoaderManagerImpl$LoaderInfo createLoader(int,android.os.Bundle,android.support.v4.app.LoaderManager$LoaderCallbacks)
    498:503:private android.support.v4.app.LoaderManagerImpl$LoaderInfo createAndInstallLoader(int,android.os.Bundle,android.support.v4.app.LoaderManager$LoaderCallbacks)
    508:515:void installLoader(android.support.v4.app.LoaderManagerImpl$LoaderInfo)
    543:565:public android.support.v4.content.Loader initLoader(int,android.os.Bundle,android.support.v4.app.LoaderManager$LoaderCallbacks)
    593:647:public android.support.v4.content.Loader restartLoader(int,android.os.Bundle,android.support.v4.app.LoaderManager$LoaderCallbacks)
    658:678:public void destroyLoader(int)
    686:697:public android.support.v4.content.Loader getLoader(int)
android.support.v4.app.LoaderManagerImpl$LoaderInfo:
    228:232:public LoaderManagerImpl$LoaderInfo(android.support.v4.app.LoaderManagerImpl,int,android.os.Bundle,android.support.v4.app.LoaderManager$LoaderCallbacks)
    362:415:public void onLoadComplete(android.support.v4.content.Loader,java.lang.Object)
android.support.v4.app.NavUtils
android.support.v4.app.NavUtils$NavUtilsImpl
android.support.v4.app.NavUtils$NavUtilsImplBase
android.support.v4.app.NavUtils$NavUtilsImplJB
android.support.v4.app.NavUtilsJB
android.support.v4.app.NotificationCompat
android.support.v4.app.NotificationCompat$Action
android.support.v4.app.NotificationCompat$BigPictureStyle
android.support.v4.app.NotificationCompat$BigTextStyle
android.support.v4.app.NotificationCompat$Builder
android.support.v4.app.NotificationCompat$InboxStyle
android.support.v4.app.NotificationCompat$NotificationCompatImpl
android.support.v4.app.NotificationCompat$NotificationCompatImplBase
android.support.v4.app.NotificationCompat$NotificationCompatImplHoneycomb
android.support.v4.app.NotificationCompat$NotificationCompatImplIceCreamSandwich
android.support.v4.app.NotificationCompat$NotificationCompatImplJellybean
android.support.v4.app.NotificationCompat$Style
android.support.v4.app.NotificationCompatHoneycomb
android.support.v4.app.NotificationCompatIceCreamSandwich
android.support.v4.app.NotificationCompatJellybean
android.support.v4.app.ServiceCompat
android.support.v4.app.ShareCompat
android.support.v4.app.ShareCompat$IntentBuilder
android.support.v4.app.ShareCompat$IntentReader
android.support.v4.app.ShareCompat$ShareCompatImpl
android.support.v4.app.ShareCompat$ShareCompatImplBase
android.support.v4.app.ShareCompat$ShareCompatImplICS
android.support.v4.app.ShareCompat$ShareCompatImplJB
android.support.v4.app.ShareCompatICS
android.support.v4.app.ShareCompatJB
android.support.v4.app.TaskStackBuilder
android.support.v4.app.TaskStackBuilder$SupportParentable
android.support.v4.app.TaskStackBuilder$TaskStackBuilderImpl
android.support.v4.app.TaskStackBuilder$TaskStackBuilderImplBase
android.support.v4.app.TaskStackBuilder$TaskStackBuilderImplHoneycomb
android.support.v4.app.TaskStackBuilder$TaskStackBuilderImplJellybean
android.support.v4.app.TaskStackBuilderHoneycomb
android.support.v4.app.TaskStackBuilderJellybean